2019-03-28 15:37:58.3051||API.Program|DEBUG|init main 
2019-03-28 15:38:00.6656||Microsoft.AspNetCore.DataProtection.KeyManagement.XmlKeyManager|INFO|User profile is available. Using 'C:\Users\Anton.Pazharytski\AppData\Local\ASP.NET\DataProtection-Keys' as key repository and Windows DPAPI to encrypt keys at rest. 
2019-03-28 15:38:01.7257||Microsoft.AspNetCore.Hosting.Internal.WebHost|INFO|Request starting HTTP/1.1 DEBUG http://localhost:53045/  0 
2019-03-28 15:38:01.7257||Microsoft.AspNetCore.Hosting.Internal.WebHost|INFO|Request starting HTTP/1.1 GET http://localhost:44311/   
2019-03-28 15:38:01.7743||Microsoft.AspNetCore.Hosting.Internal.WebHost|INFO|Request finished in 45.5162ms 200  
2019-03-28 15:38:01.8715||Microsoft.AspNetCore.Hosting.Internal.WebHost|INFO|Request finished in 145.1676ms 404  
2019-03-28 15:38:18.6618||Microsoft.AspNetCore.Hosting.Internal.WebHost|INFO|Request starting HTTP/1.1 OPTIONS http://localhost:44311/Books/GetAll   
2019-03-28 15:38:18.7102||Microsoft.AspNetCore.Cors.Infrastructure.CorsService|INFO|CORS policy execution successful. 
2019-03-28 15:38:18.7455||Microsoft.AspNetCore.Hosting.Internal.WebHost|INFO|Request finished in 83.7167ms 204  
2019-03-28 15:38:18.7905||Microsoft.AspNetCore.Hosting.Internal.WebHost|INFO|Request starting HTTP/1.1 GET http://localhost:44311/Books/GetAll application/json  
2019-03-28 15:38:18.9480||Microsoft.AspNetCore.Authentication.JwtBearer.JwtBearerHandler|INFO|Successfully validated the token. 
2019-03-28 15:38:18.9718||Microsoft.AspNetCore.Cors.Infrastructure.CorsService|INFO|CORS policy execution successful. 
2019-03-28 15:38:18.9806||Microsoft.AspNetCore.Routing.EndpointMiddleware|INFO|Executing endpoint 'API.Controllers.BooksController.GetUserBooks (API)' 
2019-03-28 15:38:19.0553||Microsoft.AspNetCore.Mvc.Internal.ControllerActionInvoker|INFO|Route matched with {action = "GetUserBooks", controller = "Books"}. Executing action API.Controllers.BooksController.GetUserBooks (API) 
2019-03-28 15:38:19.0704||Microsoft.AspNetCore.Cors.Infrastructure.CorsService|INFO|CORS policy execution successful. 
2019-03-28 15:38:19.1010||Microsoft.AspNetCore.Authorization.DefaultAuthorizationService|INFO|Authorization was successful. 
2019-03-28 15:38:19.1570||Microsoft.AspNetCore.Mvc.Internal.ControllerActionInvoker|INFO|Executing action method API.Controllers.BooksController.GetUserBooks (API) - Validation state: Valid 
2019-03-28 15:38:19.9690||Microsoft.EntityFrameworkCore.Infrastructure|INFO|Entity Framework Core 2.2.3-servicing-35854 initialized 'ApplicationContext' using provider 'Microsoft.EntityFrameworkCore.SqlServer' with options: None 
2019-03-28 15:38:20.3730||Microsoft.EntityFrameworkCore.Database.Command|INFO|Executed DbCommand (24ms) [Parameters=[@__normalizedUserName_0='?' (Size = 256)], CommandType='Text', CommandTimeout='30']
SELECT TOP(1) [u].[Id], [u].[AccessFailedCount], [u].[ConcurrencyStamp], [u].[Email], [u].[EmailConfirmed], [u].[LockoutEnabled], [u].[LockoutEnd], [u].[NormalizedEmail], [u].[NormalizedUserName], [u].[PasswordHash], [u].[PhoneNumber], [u].[PhoneNumberConfirmed], [u].[SecurityStamp], [u].[TwoFactorEnabled], [u].[UserName]
FROM [AspNetUsers] AS [u]
WHERE [u].[NormalizedUserName] = @__normalizedUserName_0 
2019-03-28 15:38:20.5830||Microsoft.EntityFrameworkCore.Database.Command|INFO|Executed DbCommand (1ms) [Parameters=[@__ToString_0='?' (Size = 4000)], CommandType='Text', CommandTimeout='30']
SELECT [x].[Id], [x].[AuthorId], [x].[Content], [x].[DateOfRelease], [x].[Title]
FROM [Books] AS [x]
WHERE [x].[AuthorId] = @__ToString_0 
2019-03-28 15:38:20.6734||Microsoft.AspNetCore.Mvc.Internal.ControllerActionInvoker|INFO|Executed action method API.Controllers.BooksController.GetUserBooks (API), returned result Microsoft.AspNetCore.Mvc.ObjectResult in 1502.4537ms. 
2019-03-28 15:38:20.6913||Microsoft.AspNetCore.Mvc.Infrastructure.ObjectResultExecutor|INFO|Executing ObjectResult, writing value of type 'BLL.Entities.Book[]'. 
2019-03-28 15:38:20.7299||Microsoft.AspNetCore.Mvc.Internal.ControllerActionInvoker|INFO|Executed action API.Controllers.BooksController.GetUserBooks (API) in 1660.1739ms 
2019-03-28 15:38:20.7299||Microsoft.AspNetCore.Routing.EndpointMiddleware|INFO|Executed endpoint 'API.Controllers.BooksController.GetUserBooks (API)' 
2019-03-28 15:38:20.7581||Microsoft.AspNetCore.Hosting.Internal.WebHost|INFO|Request finished in 1991.9532ms 200 application/json; charset=utf-8 
2019-03-28 15:38:22.2523||Microsoft.AspNetCore.Hosting.Internal.WebHost|INFO|Request starting HTTP/1.1 OPTIONS http://localhost:44311/Books/Create   
2019-03-28 15:38:22.2523||Microsoft.AspNetCore.Cors.Infrastructure.CorsService|INFO|CORS policy execution successful. 
2019-03-28 15:38:22.2655||Microsoft.AspNetCore.Hosting.Internal.WebHost|INFO|Request finished in 13.2492ms 204  
2019-03-28 15:38:22.2854||Microsoft.AspNetCore.Hosting.Internal.WebHost|INFO|Request starting HTTP/1.1 POST http://localhost:44311/Books/Create application/json 71 
2019-03-28 15:38:22.2938||Microsoft.AspNetCore.Authentication.JwtBearer.JwtBearerHandler|INFO|Successfully validated the token. 
2019-03-28 15:38:22.2938||Microsoft.AspNetCore.Cors.Infrastructure.CorsService|INFO|CORS policy execution successful. 
2019-03-28 15:38:22.2938||Microsoft.AspNetCore.Routing.EndpointMiddleware|INFO|Executing endpoint 'API.Controllers.BooksController.AddBook (API)' 
2019-03-28 15:38:22.3394||Microsoft.AspNetCore.Mvc.Internal.ControllerActionInvoker|INFO|Route matched with {action = "AddBook", controller = "Books"}. Executing action API.Controllers.BooksController.AddBook (API) 
2019-03-28 15:38:22.3394||Microsoft.AspNetCore.Cors.Infrastructure.CorsService|INFO|CORS policy execution successful. 
2019-03-28 15:38:22.3394||Microsoft.AspNetCore.Authorization.DefaultAuthorizationService|INFO|Authorization was successful. 
2019-03-28 15:38:22.5055||Microsoft.AspNetCore.Mvc.Internal.ControllerActionInvoker|INFO|Executing action method API.Controllers.BooksController.AddBook (API) with arguments (API.Requests.RequestBookModel) - Validation state: Valid 
2019-03-28 15:38:22.5173||Microsoft.EntityFrameworkCore.Infrastructure|INFO|Entity Framework Core 2.2.3-servicing-35854 initialized 'ApplicationContext' using provider 'Microsoft.EntityFrameworkCore.SqlServer' with options: None 
2019-03-28 15:38:22.5326||Microsoft.EntityFrameworkCore.Database.Command|INFO|Executed DbCommand (6ms) [Parameters=[@__normalizedUserName_0='?' (Size = 256)], CommandType='Text', CommandTimeout='30']
SELECT TOP(1) [u].[Id], [u].[AccessFailedCount], [u].[ConcurrencyStamp], [u].[Email], [u].[EmailConfirmed], [u].[LockoutEnabled], [u].[LockoutEnd], [u].[NormalizedEmail], [u].[NormalizedUserName], [u].[PasswordHash], [u].[PhoneNumber], [u].[PhoneNumberConfirmed], [u].[SecurityStamp], [u].[TwoFactorEnabled], [u].[UserName]
FROM [AspNetUsers] AS [u]
WHERE [u].[NormalizedUserName] = @__normalizedUserName_0 
2019-03-28 15:38:22.7183||Microsoft.EntityFrameworkCore.Database.Command|INFO|Executed DbCommand (2ms) [Parameters=[@p0='?' (Size = 4000), @p1='?' (Size = 4000), @p2='?' (DbType = DateTime2), @p3='?' (Size = 4000)], CommandType='Text', CommandTimeout='30']
SET NOCOUNT ON;
INSERT INTO [Books] ([AuthorId], [Content], [DateOfRelease], [Title])
VALUES (@p0, @p1, @p2, @p3);
SELECT [Id]
FROM [Books]
WHERE @@ROWCOUNT = 1 AND [Id] = scope_identity(); 
2019-03-28 15:38:22.7512||Microsoft.AspNetCore.Mvc.Internal.ControllerActionInvoker|INFO|Executed action method API.Controllers.BooksController.AddBook (API), returned result Microsoft.AspNetCore.Mvc.OkObjectResult in 237.6535ms. 
2019-03-28 15:38:22.7512||Microsoft.AspNetCore.Mvc.Infrastructure.ObjectResultExecutor|INFO|Executing ObjectResult, writing value of type 'BLL.Entities.Book'. 
2019-03-28 15:38:22.7645||Microsoft.AspNetCore.Mvc.Internal.ControllerActionInvoker|INFO|Executed action API.Controllers.BooksController.AddBook (API) in 418.139ms 
2019-03-28 15:38:22.7645||Microsoft.AspNetCore.Routing.EndpointMiddleware|INFO|Executed endpoint 'API.Controllers.BooksController.AddBook (API)' 
2019-03-28 15:38:22.7645||Microsoft.AspNetCore.Hosting.Internal.WebHost|INFO|Request finished in 487.0247ms 200 application/json; charset=utf-8 
2019-03-28 15:38:26.8028||Microsoft.AspNetCore.Hosting.Internal.WebHost|INFO|Request starting HTTP/1.1 OPTIONS http://localhost:44311/Books/Update   
2019-03-28 15:38:26.8028||Microsoft.AspNetCore.Cors.Infrastructure.CorsService|INFO|CORS policy execution successful. 
2019-03-28 15:38:26.8028||Microsoft.AspNetCore.Hosting.Internal.WebHost|INFO|Request finished in 4.3887ms 204  
2019-03-28 15:38:26.8331||Microsoft.AspNetCore.Hosting.Internal.WebHost|INFO|Request starting HTTP/1.1 POST http://localhost:44311/Books/Update application/json 171 
2019-03-28 15:38:26.8331||Microsoft.AspNetCore.Authentication.JwtBearer.JwtBearerHandler|INFO|Successfully validated the token. 
2019-03-28 15:38:26.8404||Microsoft.AspNetCore.Cors.Infrastructure.CorsService|INFO|CORS policy execution successful. 
2019-03-28 15:38:26.8561||Microsoft.AspNetCore.Routing.EndpointMiddleware|INFO|Executing endpoint 'API.Controllers.BooksController.UpdateBook (API)' 
2019-03-28 15:38:26.8780||Microsoft.AspNetCore.Mvc.Internal.ControllerActionInvoker|INFO|Route matched with {action = "UpdateBook", controller = "Books"}. Executing action API.Controllers.BooksController.UpdateBook (API) 
2019-03-28 15:38:26.8780||Microsoft.AspNetCore.Cors.Infrastructure.CorsService|INFO|CORS policy execution successful. 
2019-03-28 15:38:26.8780||Microsoft.AspNetCore.Authorization.DefaultAuthorizationService|INFO|Authorization was successful. 
2019-03-28 15:38:26.8922||Microsoft.AspNetCore.Mvc.Internal.ControllerActionInvoker|INFO|Executing action method API.Controllers.BooksController.UpdateBook (API) with arguments (API.Requests.RequestBookModel) - Validation state: Valid 
2019-03-28 15:38:26.9109||Microsoft.EntityFrameworkCore.Infrastructure|INFO|Entity Framework Core 2.2.3-servicing-35854 initialized 'ApplicationContext' using provider 'Microsoft.EntityFrameworkCore.SqlServer' with options: None 
2019-03-28 15:38:26.9109||Microsoft.EntityFrameworkCore.Database.Command|INFO|Executed DbCommand (1ms) [Parameters=[@__normalizedUserName_0='?' (Size = 256)], CommandType='Text', CommandTimeout='30']
SELECT TOP(1) [u].[Id], [u].[AccessFailedCount], [u].[ConcurrencyStamp], [u].[Email], [u].[EmailConfirmed], [u].[LockoutEnabled], [u].[LockoutEnd], [u].[NormalizedEmail], [u].[NormalizedUserName], [u].[PasswordHash], [u].[PhoneNumber], [u].[PhoneNumberConfirmed], [u].[SecurityStamp], [u].[TwoFactorEnabled], [u].[UserName]
FROM [AspNetUsers] AS [u]
WHERE [u].[NormalizedUserName] = @__normalizedUserName_0 
2019-03-28 15:38:26.9321||Microsoft.EntityFrameworkCore.Database.Command|INFO|Executed DbCommand (1ms) [Parameters=[@__id_0='?' (DbType = Int32)], CommandType='Text', CommandTimeout='30']
SELECT TOP(1) [x].[Id], [x].[AuthorId], [x].[Content], [x].[DateOfRelease], [x].[Title]
FROM [Books] AS [x]
WHERE [x].[Id] = @__id_0 
2019-03-28 15:38:26.9542||Microsoft.EntityFrameworkCore.Database.Command|INFO|Executed DbCommand (4ms) [Parameters=[@p1='?' (DbType = Int32), @p0='?' (Size = 4000)], CommandType='Text', CommandTimeout='30']
SET NOCOUNT ON;
UPDATE [Books] SET [Title] = @p0
WHERE [Id] = @p1;
SELECT @@ROWCOUNT; 
2019-03-28 15:38:26.9542||Microsoft.AspNetCore.Mvc.Internal.ControllerActionInvoker|INFO|Executed action method API.Controllers.BooksController.UpdateBook (API), returned result Microsoft.AspNetCore.Mvc.ObjectResult in 53.5275ms. 
2019-03-28 15:38:26.9727||Microsoft.AspNetCore.Mvc.Infrastructure.ObjectResultExecutor|INFO|Executing ObjectResult, writing value of type 'BLL.Entities.Book'. 
2019-03-28 15:38:26.9727||Microsoft.AspNetCore.Mvc.Internal.ControllerActionInvoker|INFO|Executed action API.Controllers.BooksController.UpdateBook (API) in 93.7711ms 
2019-03-28 15:38:26.9833||Microsoft.AspNetCore.Routing.EndpointMiddleware|INFO|Executed endpoint 'API.Controllers.BooksController.UpdateBook (API)' 
2019-03-28 15:38:26.9833||Microsoft.AspNetCore.Hosting.Internal.WebHost|INFO|Request finished in 155.5533ms 200 application/json; charset=utf-8 
2019-03-28 15:38:28.9465||Microsoft.AspNetCore.Hosting.Internal.WebHost|INFO|Request starting HTTP/1.1 OPTIONS http://localhost:44311/Books/Delete/259   
2019-03-28 15:38:28.9526||Microsoft.AspNetCore.Cors.Infrastructure.CorsService|INFO|CORS policy execution successful. 
2019-03-28 15:38:28.9526||Microsoft.AspNetCore.Hosting.Internal.WebHost|INFO|Request finished in 9.215ms 204  
2019-03-28 15:38:28.9704||Microsoft.AspNetCore.Hosting.Internal.WebHost|INFO|Request starting HTTP/1.1 POST http://localhost:44311/Books/Delete/259 application/json 3 
2019-03-28 15:38:28.9885||Microsoft.AspNetCore.Authentication.JwtBearer.JwtBearerHandler|INFO|Successfully validated the token. 
2019-03-28 15:38:28.9885||Microsoft.AspNetCore.Cors.Infrastructure.CorsService|INFO|CORS policy execution successful. 
2019-03-28 15:38:28.9885||Microsoft.AspNetCore.Routing.EndpointMiddleware|INFO|Executing endpoint 'API.Controllers.BooksController.DeleteBook (API)' 
2019-03-28 15:38:29.0057||Microsoft.AspNetCore.Mvc.Internal.ControllerActionInvoker|INFO|Route matched with {action = "DeleteBook", controller = "Books"}. Executing action API.Controllers.BooksController.DeleteBook (API) 
2019-03-28 15:38:29.0057||Microsoft.AspNetCore.Cors.Infrastructure.CorsService|INFO|CORS policy execution successful. 
2019-03-28 15:38:29.0057||Microsoft.AspNetCore.Authorization.DefaultAuthorizationService|INFO|Authorization was successful. 
2019-03-28 15:38:29.0166||Microsoft.AspNetCore.Mvc.Internal.ControllerActionInvoker|INFO|Executing action method API.Controllers.BooksController.DeleteBook (API) with arguments (259) - Validation state: Valid 
2019-03-28 15:38:29.0372||Microsoft.EntityFrameworkCore.Infrastructure|INFO|Entity Framework Core 2.2.3-servicing-35854 initialized 'ApplicationContext' using provider 'Microsoft.EntityFrameworkCore.SqlServer' with options: None 
2019-03-28 15:38:29.0372||Microsoft.EntityFrameworkCore.Database.Command|INFO|Executed DbCommand (1ms) [Parameters=[@__normalizedUserName_0='?' (Size = 256)], CommandType='Text', CommandTimeout='30']
SELECT TOP(1) [u].[Id], [u].[AccessFailedCount], [u].[ConcurrencyStamp], [u].[Email], [u].[EmailConfirmed], [u].[LockoutEnabled], [u].[LockoutEnd], [u].[NormalizedEmail], [u].[NormalizedUserName], [u].[PasswordHash], [u].[PhoneNumber], [u].[PhoneNumberConfirmed], [u].[SecurityStamp], [u].[TwoFactorEnabled], [u].[UserName]
FROM [AspNetUsers] AS [u]
WHERE [u].[NormalizedUserName] = @__normalizedUserName_0 
2019-03-28 15:38:29.0442||Microsoft.EntityFrameworkCore.Database.Command|INFO|Executed DbCommand (0ms) [Parameters=[@__id_0='?' (DbType = Int32)], CommandType='Text', CommandTimeout='30']
SELECT TOP(1) [x].[Id], [x].[AuthorId], [x].[Content], [x].[DateOfRelease], [x].[Title]
FROM [Books] AS [x]
WHERE [x].[Id] = @__id_0 
2019-03-28 15:38:29.0442||Microsoft.EntityFrameworkCore.Database.Command|INFO|Executed DbCommand (1ms) [Parameters=[@p0='?' (DbType = Int32)], CommandType='Text', CommandTimeout='30']
SET NOCOUNT ON;
DELETE FROM [Books]
WHERE [Id] = @p0;
SELECT @@ROWCOUNT; 
2019-03-28 15:38:29.0731||Microsoft.AspNetCore.Mvc.Internal.ControllerActionInvoker|INFO|Executed action method API.Controllers.BooksController.DeleteBook (API), returned result Microsoft.AspNetCore.Mvc.ObjectResult in 38.4349ms. 
2019-03-28 15:38:29.0747||Microsoft.AspNetCore.Mvc.Infrastructure.ObjectResultExecutor|INFO|Executing ObjectResult, writing value of type 'System.Int32'. 
2019-03-28 15:38:29.0747||Microsoft.AspNetCore.Mvc.Internal.ControllerActionInvoker|INFO|Executed action API.Controllers.BooksController.DeleteBook (API) in 71.1691ms 
2019-03-28 15:38:29.0747||Microsoft.AspNetCore.Routing.EndpointMiddleware|INFO|Executed endpoint 'API.Controllers.BooksController.DeleteBook (API)' 
2019-03-28 15:38:29.0747||Microsoft.AspNetCore.Hosting.Internal.WebHost|INFO|Request finished in 112.8654ms 200 application/json; charset=utf-8 
2019-03-28 15:38:29.0904||Microsoft.AspNetCore.Server.Kestrel|INFO|Connection id "0HLLJF8RM93RA", Request id "0HLLJF8RM93RA:00000005": the application completed without reading the entire request body. 
2019-04-02 14:35:28.5514||Microsoft.EntityFrameworkCore.Infrastructure|INFO|Entity Framework Core 2.2.3-servicing-35854 initialized 'ApplicationContext' using provider 'Microsoft.EntityFrameworkCore.SqlServer' with options: None 
2019-04-02 14:50:07.3757||Microsoft.EntityFrameworkCore.Infrastructure|INFO|Entity Framework Core 2.2.3-servicing-35854 initialized 'ApplicationContext' using provider 'Microsoft.EntityFrameworkCore.SqlServer' with options: None 
2019-04-02 14:50:08.7023||Microsoft.EntityFrameworkCore.Database.Command|INFO|Executed DbCommand (90ms) [Parameters=[], CommandType='Text', CommandTimeout='30']
SELECT OBJECT_ID(N'[__EFMigrationsHistory]'); 
2019-04-02 14:50:08.9106||Microsoft.EntityFrameworkCore.Database.Command|INFO|Executed DbCommand (73ms) [Parameters=[], CommandType='Text', CommandTimeout='30']
CREATE TABLE [__EFMigrationsHistory] (
    [MigrationId] nvarchar(150) NOT NULL,
    [ProductVersion] nvarchar(32) NOT NULL,
    CONSTRAINT [PK___EFMigrationsHistory] PRIMARY KEY ([MigrationId])
); 
2019-04-02 14:50:08.9831||Microsoft.EntityFrameworkCore.Database.Command|INFO|Executed DbCommand (58ms) [Parameters=[], CommandType='Text', CommandTimeout='30']
SELECT OBJECT_ID(N'[__EFMigrationsHistory]'); 
2019-04-02 14:50:09.0620||Microsoft.EntityFrameworkCore.Database.Command|INFO|Executed DbCommand (76ms) [Parameters=[], CommandType='Text', CommandTimeout='30']
SELECT [MigrationId], [ProductVersion]
FROM [__EFMigrationsHistory]
ORDER BY [MigrationId]; 
2019-04-02 14:50:09.0620||Microsoft.EntityFrameworkCore.Migrations|INFO|Applying migration '20190306193445_Initial'. 
2019-04-02 14:50:09.2865||Microsoft.EntityFrameworkCore.Database.Command|INFO|Executed DbCommand (62ms) [Parameters=[], CommandType='Text', CommandTimeout='30']
CREATE TABLE [AspNetRoles] (
    [Id] uniqueidentifier NOT NULL,
    [Name] nvarchar(256) NULL,
    [NormalizedName] nvarchar(256) NULL,
    [ConcurrencyStamp] nvarchar(max) NULL,
    CONSTRAINT [PK_AspNetRoles] PRIMARY KEY ([Id])
); 
2019-04-02 14:50:09.3654||Microsoft.EntityFrameworkCore.Database.Command|INFO|Executed DbCommand (65ms) [Parameters=[], CommandType='Text', CommandTimeout='30']
CREATE TABLE [AspNetUsers] (
    [Id] uniqueidentifier NOT NULL,
    [UserName] nvarchar(256) NULL,
    [NormalizedUserName] nvarchar(256) NULL,
    [Email] nvarchar(256) NULL,
    [NormalizedEmail] nvarchar(256) NULL,
    [EmailConfirmed] bit NOT NULL,
    [PasswordHash] nvarchar(max) NULL,
    [SecurityStamp] nvarchar(max) NULL,
    [ConcurrencyStamp] nvarchar(max) NULL,
    [PhoneNumber] nvarchar(max) NULL,
    [PhoneNumberConfirmed] bit NOT NULL,
    [TwoFactorEnabled] bit NOT NULL,
    [LockoutEnd] datetimeoffset NULL,
    [LockoutEnabled] bit NOT NULL,
    [AccessFailedCount] int NOT NULL,
    CONSTRAINT [PK_AspNetUsers] PRIMARY KEY ([Id])
); 
2019-04-02 14:50:09.4349||Microsoft.EntityFrameworkCore.Database.Command|INFO|Executed DbCommand (67ms) [Parameters=[], CommandType='Text', CommandTimeout='30']
CREATE TABLE [Books] (
    [Id] int NOT NULL IDENTITY,
    [Title] nvarchar(max) NULL,
    [DateOfRelease] datetime2 NOT NULL,
    [AuthorId] int NOT NULL,
    CONSTRAINT [PK_Books] PRIMARY KEY ([Id])
); 
2019-04-02 14:50:09.5420||Microsoft.EntityFrameworkCore.Database.Command|INFO|Executed DbCommand (63ms) [Parameters=[], CommandType='Text', CommandTimeout='30']
CREATE TABLE [AspNetRoleClaims] (
    [Id] int NOT NULL IDENTITY,
    [RoleId] uniqueidentifier NOT NULL,
    [ClaimType] nvarchar(max) NULL,
    [ClaimValue] nvarchar(max) NULL,
    CONSTRAINT [PK_AspNetRoleClaims] PRIMARY KEY ([Id]),
    CONSTRAINT [FK_AspNetRoleClaims_AspNetRoles_RoleId] FOREIGN KEY ([RoleId]) REFERENCES [AspNetRoles] ([Id]) ON DELETE CASCADE
); 
2019-04-02 14:50:09.6098||Microsoft.EntityFrameworkCore.Database.Command|INFO|Executed DbCommand (65ms) [Parameters=[], CommandType='Text', CommandTimeout='30']
CREATE TABLE [AspNetUserClaims] (
    [Id] int NOT NULL IDENTITY,
    [UserId] uniqueidentifier NOT NULL,
    [ClaimType] nvarchar(max) NULL,
    [ClaimValue] nvarchar(max) NULL,
    CONSTRAINT [PK_AspNetUserClaims] PRIMARY KEY ([Id]),
    CONSTRAINT [FK_AspNetUserClaims_AspNetUsers_UserId] FOREIGN KEY ([UserId]) REFERENCES [AspNetUsers] ([Id]) ON DELETE CASCADE
); 
2019-04-02 14:50:09.6742||Microsoft.EntityFrameworkCore.Database.Command|INFO|Executed DbCommand (63ms) [Parameters=[], CommandType='Text', CommandTimeout='30']
CREATE TABLE [AspNetUserLogins] (
    [LoginProvider] nvarchar(450) NOT NULL,
    [ProviderKey] nvarchar(450) NOT NULL,
    [ProviderDisplayName] nvarchar(max) NULL,
    [UserId] uniqueidentifier NOT NULL,
    [Id] uniqueidentifier NOT NULL,
    CONSTRAINT [PK_AspNetUserLogins] PRIMARY KEY ([LoginProvider], [ProviderKey]),
    CONSTRAINT [AK_AspNetUserLogins_Id] UNIQUE ([Id]),
    CONSTRAINT [FK_AspNetUserLogins_AspNetUsers_UserId] FOREIGN KEY ([UserId]) REFERENCES [AspNetUsers] ([Id]) ON DELETE CASCADE
); 
2019-04-02 14:50:09.7553||Microsoft.EntityFrameworkCore.Database.Command|INFO|Executed DbCommand (78ms) [Parameters=[], CommandType='Text', CommandTimeout='30']
CREATE TABLE [AspNetUserRoles] (
    [UserId] uniqueidentifier NOT NULL,
    [RoleId] uniqueidentifier NOT NULL,
    CONSTRAINT [PK_AspNetUserRoles] PRIMARY KEY ([UserId], [RoleId]),
    CONSTRAINT [FK_AspNetUserRoles_AspNetRoles_RoleId] FOREIGN KEY ([RoleId]) REFERENCES [AspNetRoles] ([Id]) ON DELETE CASCADE,
    CONSTRAINT [FK_AspNetUserRoles_AspNetUsers_UserId] FOREIGN KEY ([UserId]) REFERENCES [AspNetUsers] ([Id]) ON DELETE CASCADE
); 
2019-04-02 14:50:09.8265||Microsoft.EntityFrameworkCore.Database.Command|INFO|Executed DbCommand (68ms) [Parameters=[], CommandType='Text', CommandTimeout='30']
CREATE TABLE [AspNetUserTokens] (
    [UserId] uniqueidentifier NOT NULL,
    [LoginProvider] nvarchar(450) NOT NULL,
    [Name] nvarchar(450) NOT NULL,
    [Value] nvarchar(max) NULL,
    [Id] uniqueidentifier NOT NULL,
    CONSTRAINT [PK_AspNetUserTokens] PRIMARY KEY ([UserId], [LoginProvider], [Name]),
    CONSTRAINT [AK_AspNetUserTokens_Id] UNIQUE ([Id]),
    CONSTRAINT [FK_AspNetUserTokens_AspNetUsers_UserId] FOREIGN KEY ([UserId]) REFERENCES [AspNetUsers] ([Id]) ON DELETE CASCADE
); 
2019-04-02 14:50:09.8916||Microsoft.EntityFrameworkCore.Database.Command|INFO|Executed DbCommand (62ms) [Parameters=[], CommandType='Text', CommandTimeout='30']
CREATE INDEX [IX_AspNetRoleClaims_RoleId] ON [AspNetRoleClaims] ([RoleId]); 
2019-04-02 14:50:09.9644||Microsoft.EntityFrameworkCore.Database.Command|INFO|Executed DbCommand (69ms) [Parameters=[], CommandType='Text', CommandTimeout='30']
CREATE UNIQUE INDEX [RoleNameIndex] ON [AspNetRoles] ([NormalizedName]) WHERE [NormalizedName] IS NOT NULL; 
2019-04-02 14:50:10.0384||Microsoft.EntityFrameworkCore.Database.Command|INFO|Executed DbCommand (69ms) [Parameters=[], CommandType='Text', CommandTimeout='30']
CREATE INDEX [IX_AspNetUserClaims_UserId] ON [AspNetUserClaims] ([UserId]); 
2019-04-02 14:50:10.1024||Microsoft.EntityFrameworkCore.Database.Command|INFO|Executed DbCommand (62ms) [Parameters=[], CommandType='Text', CommandTimeout='30']
CREATE INDEX [IX_AspNetUserLogins_UserId] ON [AspNetUserLogins] ([UserId]); 
2019-04-02 14:50:10.1638||Microsoft.EntityFrameworkCore.Database.Command|INFO|Executed DbCommand (60ms) [Parameters=[], CommandType='Text', CommandTimeout='30']
CREATE INDEX [IX_AspNetUserRoles_RoleId] ON [AspNetUserRoles] ([RoleId]); 
2019-04-02 14:50:10.2276||Microsoft.EntityFrameworkCore.Database.Command|INFO|Executed DbCommand (61ms) [Parameters=[], CommandType='Text', CommandTimeout='30']
CREATE INDEX [EmailIndex] ON [AspNetUsers] ([NormalizedEmail]); 
2019-04-02 14:50:10.5861||Microsoft.EntityFrameworkCore.Database.Command|INFO|Executed DbCommand (356ms) [Parameters=[], CommandType='Text', CommandTimeout='30']
CREATE UNIQUE INDEX [UserNameIndex] ON [AspNetUsers] ([NormalizedUserName]) WHERE [NormalizedUserName] IS NOT NULL; 
2019-04-02 14:50:10.6636||Microsoft.EntityFrameworkCore.Database.Command|INFO|Executed DbCommand (74ms) [Parameters=[], CommandType='Text', CommandTimeout='30']
INSERT INTO [__EFMigrationsHistory] ([MigrationId], [ProductVersion])
VALUES (N'20190306193445_Initial', N'2.2.3-servicing-35854'); 
2019-04-02 14:50:11.6844||Microsoft.EntityFrameworkCore.Migrations|INFO|Applying migration '20190318144940_AlterBookModel'. 
2019-04-02 14:50:20.7932||Microsoft.EntityFrameworkCore.Database.Command|INFO|Executed DbCommand (6,939ms) [Parameters=[], CommandType='Text', CommandTimeout='30']
DECLARE @var0 sysname;
SELECT @var0 = [d].[name]
FROM [sys].[default_constraints] [d]
INNER JOIN [sys].[columns] [c] ON [d].[parent_column_id] = [c].[column_id] AND [d].[parent_object_id] = [c].[object_id]
WHERE ([d].[parent_object_id] = OBJECT_ID(N'[Books]') AND [c].[name] = N'AuthorId');
IF @var0 IS NOT NULL EXEC(N'ALTER TABLE [Books] DROP CONSTRAINT [' + @var0 + '];');
ALTER TABLE [Books] ALTER COLUMN [AuthorId] nvarchar(max) NULL; 
2019-04-02 14:50:20.8588||Microsoft.EntityFrameworkCore.Database.Command|INFO|Executed DbCommand (63ms) [Parameters=[], CommandType='Text', CommandTimeout='30']
ALTER TABLE [Books] ADD [Content] nvarchar(max) NULL; 
2019-04-02 14:50:20.9246||Microsoft.EntityFrameworkCore.Database.Command|INFO|Executed DbCommand (63ms) [Parameters=[], CommandType='Text', CommandTimeout='30']
INSERT INTO [__EFMigrationsHistory] ([MigrationId], [ProductVersion])
VALUES (N'20190318144940_AlterBookModel', N'2.2.3-servicing-35854'); 
2019-04-02 17:08:38.5297||API.Program|DEBUG|init main 
2019-04-02 17:08:44.8849||API.Program|DEBUG|init main 
2019-04-02 17:08:47.5841||Microsoft.AspNetCore.DataProtection.KeyManagement.XmlKeyManager|INFO|User profile is available. Using 'C:\Users\Anton.Pazharytski\AppData\Local\ASP.NET\DataProtection-Keys' as key repository and Windows DPAPI to encrypt keys at rest. 
2019-04-02 17:08:49.2486||Microsoft.AspNetCore.Hosting.Internal.WebHost|INFO|Request starting HTTP/1.1 DEBUG http://localhost:53045/  0 
2019-04-02 17:08:49.2486||Microsoft.AspNetCore.Hosting.Internal.WebHost|INFO|Request starting HTTP/1.1 GET http://localhost:44311/   
2019-04-02 17:08:49.5052||Microsoft.AspNetCore.Hosting.Internal.WebHost|INFO|Request finished in 257.0924ms 307  
2019-04-02 17:08:49.5052||Microsoft.AspNetCore.StaticFiles.StaticFileMiddleware|INFO|Sending file. Request path: '/index.html'. Physical path: 'D:\BookApp\BookApp\API\wwwroot\index.html' 
2019-04-02 17:08:49.5279||Microsoft.AspNetCore.Hosting.Internal.WebHost|INFO|Request finished in 280.2063ms 200 text/html 
